#
# There is insufficient memory for the Java Runtime Environment to continue.
# Native memory allocation (mmap) failed to map 100663296 bytes for G1 virtual space
# Possible reasons:
#   The system is out of physical RAM or swap space
#   The process is running with CompressedOops enabled, and the Java Heap may be blocking the growth of the native heap
# Possible solutions:
#   Reduce memory load on the system
#   Increase physical memory or swap space
#   Check if swap backing store is full
#   Decrease Java heap size (-Xmx/-Xms)
#   Decrease number of Java threads
#   Decrease Java thread stack sizes (-Xss)
#   Set larger code cache with -XX:ReservedCodeCacheSize=
#   JVM is running with Unscaled Compressed Oops mode in which the Java heap is
#     placed in the first 4GB address space. The Java Heap base address is the
#     maximum limit for the native heap growth. Please use -XX:HeapBaseMinAddress
#     to set the Java Heap base and to place the Java Heap above 4GB virtual address.
# This output file may be truncated or incomplete.
#
#  Out of Memory Error (os_windows.cpp:3466), pid=22580, tid=22716
#
# JRE version:  (16.0.1+9) (build )
# Java VM: Java HotSpot(TM) 64-Bit Server VM (16.0.1+9-24, mixed mode, sharing, tiered, compressed oops, compressed class ptrs, g1 gc, windows-amd64)
# No core dump will be written. Minidumps are not enabled by default on client versions of Windows
#

---------------  S U M M A R Y ------------

Command Line: -Dfile.encoding=Cp1252 -XX:+ShowCodeDetailsInExceptionMessages JavaQuiz.Score

Host: AMD Ryzen 3 3250U with Radeon Graphics         , 4 cores, 5G,  Windows 10 , 64 bit Build 19041 (10.0.19041.1023)
Time: Sun Aug  1 02:49:32 2021 India Standard Time elapsed time: 0.084395 seconds (0d 0h 0m 0s)

---------------  T H R E A D  ---------------

Current thread (0x0000020fb1cd6000):  JavaThread "Unknown thread" [_thread_in_vm, id=22716, stack(0x000000c531800000,0x000000c531900000)]

Stack: [0x000000c531800000,0x000000c531900000]
Native frames: (J=compiled Java code, j=interpreted, Vv=VM code, C=native code)
V  [jvm.dll+0x6687ca]
V  [jvm.dll+0x7ca3c9]
V  [jvm.dll+0x7cbb53]
V  [jvm.dll+0x7cc1b3]
V  [jvm.dll+0x242ea5]
V  [jvm.dll+0x665589]
V  [jvm.dll+0x65a175]
V  [jvm.dll+0x2fc5ab]
V  [jvm.dll+0x3037a6]
V  [jvm.dll+0x352fee]
V  [jvm.dll+0x35321f]
V  [jvm.dll+0x2d3618]
V  [jvm.dll+0x2d4854]
V  [jvm.dll+0x79ccb1]
V  [jvm.dll+0x360de1]
V  [jvm.dll+0x77a990]
V  [jvm.dll+0x3e55af]
V  [jvm.dll+0x3e7081]
C  [jli.dll+0x52fb]
C  [ucrtbase.dll+0x21bb2]
C  [KERNEL32.DLL+0x17034]
C  [ntdll.dll+0x52651]


---------------  P R O C E S S  ---------------

Threads class SMR info:
_java_thread_list=0x00007ffbad55cbb8, length=0, elements={
}

Java Threads: ( => current thread )

Other Threads:
  0x0000020fb1d0eb00 GCTaskThread "GC Thread#0" [stack: 0x000000c531900000,0x000000c531a00000] [id=15480]
  0x0000020fb1d1e0d0 ConcurrentGCThread "G1 Main Marker" [stack: 0x000000c531a00000,0x000000c531b00000] [id=5544]
  0x0000020fb1d1ea50 ConcurrentGCThread "G1 Conc#0" [stack: 0x000000c531b00000,0x000000c531c00000] [id=23324]

[error occurred during error reporting (printing all threads), id 0xc0000005, EXCEPTION_ACCESS_VIOLATION (0xc0000005) at pc=0x00007ffbacd344d7]

VM state: not at safepoint (not fully initialized)

VM Mutex/Monitor currently owned by a thread:  ([mutex/lock_event])
[0x0000020fb1cd3190] Heap_lock - owner thread: 0x0000020fb1cd6000

Heap address: 0x00000000a0e00000, size: 1522 MB, Compressed Oops mode: 32-bit

CDS archive(s) mapped at: [0x0000000000000000-0x0000000000000000-0x0000000000000000), size 0, SharedBaseAddress: 0x0000000800000000, ArchiveRelocationMode: 0.
Narrow klass base: 0x0000000000000000, Narrow klass shift: 0, Narrow klass range: 0x0

GC Precious Log:
<Empty>

Heap:
 garbage-first heap   total 0K, used 0K [0x00000000a0e00000, 0x0000000100000000)
  region size 1024K, 0 young (0K), 0 survivors (0K)

[error occurred during error reporting (printing heap information), id 0xc0000005, EXCEPTION_ACCESS_VIOLATION (0xc0000005) at pc=0x00007ffbad1124ed]

GC Heap History (0 events):
No events

Deoptimization events (0 events):
No events

Classes unloaded (0 events):
No events

Classes redefined (0 events):
No events

Internal exceptions (0 events):
No events

Events (1 events):
Event: 0.034 Loaded shared library C:\Program Files\Java\jdk-16.0.1\bin\java.dll


Dynamic libraries:
0x00007ff787ae0000 - 0x00007ff787af0000 	C:\Program Files\Java\jdk-16.0.1\bin\javaw.exe
0x00007ffc00fd0000 - 0x00007ffc011c5000 	C:\windows\SYSTEM32\ntdll.dll
0x00007ffbff1a0000 - 0x00007ffbff25d000 	C:\windows\System32\KERNEL32.DLL
0x00007ffbfe790000 - 0x00007ffbfea59000 	C:\windows\System32\KERNELBASE.dll
0x00007ffbfeba0000 - 0x00007ffbfeca0000 	C:\windows\System32\ucrtbase.dll
0x00007ffbea170000 - 0x00007ffbea188000 	C:\Program Files\Java\jdk-16.0.1\bin\jli.dll
0x00007ffbf5f00000 - 0x00007ffbf5f19000 	C:\Program Files\Java\jdk-16.0.1\bin\VCRUNTIME140.dll
0x00007ffc00650000 - 0x00007ffc006fc000 	C:\windows\System32\ADVAPI32.dll
0x00007ffbfffe0000 - 0x00007ffc0007e000 	C:\windows\System32\msvcrt.dll
0x00007ffc00700000 - 0x00007ffc0079b000 	C:\windows\System32\sechost.dll
0x00007ffbff070000 - 0x00007ffbff19a000 	C:\windows\System32\RPCRT4.dll
0x00007ffc00080000 - 0x00007ffc00220000 	C:\windows\System32\USER32.dll
0x00007ffbff010000 - 0x00007ffbff032000 	C:\windows\System32\win32u.dll
0x00007ffc00950000 - 0x00007ffc0097a000 	C:\windows\System32\GDI32.dll
0x00007ffbe38d0000 - 0x00007ffbe3b6a000 	C:\windows\WinSxS\amd64_microsoft.windows.common-controls_6595b64144ccf1df_6.0.19041.1110_none_60b5254171f9507e\COMCTL32.dll
0x00007ffbfeea0000 - 0x00007ffbfefab000 	C:\windows\System32\gdi32full.dll
0x00007ffbfeca0000 - 0x00007ffbfed3d000 	C:\windows\System32\msvcp_win.dll
0x00007ffbf57a0000 - 0x00007ffbf57aa000 	C:\windows\SYSTEM32\VERSION.dll
0x00007ffbff040000 - 0x00007ffbff070000 	C:\windows\System32\IMM32.DLL
0x00007ffbf6ad0000 - 0x00007ffbf6adc000 	C:\Program Files\Java\jdk-16.0.1\bin\vcruntime140_1.dll
0x00007ffbdddc0000 - 0x00007ffbdde51000 	C:\Program Files\Java\jdk-16.0.1\bin\msvcp140.dll
0x00007ffbaca50000 - 0x00007ffbad5fb000 	C:\Program Files\Java\jdk-16.0.1\bin\server\jvm.dll
0x00007ffbff260000 - 0x00007ffbff268000 	C:\windows\System32\PSAPI.DLL
0x00007ffbf5ef0000 - 0x00007ffbf5ef9000 	C:\windows\SYSTEM32\WSOCK32.dll
0x00007ffbf5770000 - 0x00007ffbf5797000 	C:\windows\SYSTEM32\WINMM.dll
0x00007ffc00420000 - 0x00007ffc0048b000 	C:\windows\System32\WS2_32.dll
0x00007ffbfc640000 - 0x00007ffbfc652000 	C:\windows\SYSTEM32\kernel.appcore.dll
0x00007ffbea160000 - 0x00007ffbea16a000 	C:\Program Files\Java\jdk-16.0.1\bin\jimage.dll
0x00007ffbec8b0000 - 0x00007ffbeca94000 	C:\windows\SYSTEM32\DBGHELP.DLL
0x00007ffbe66b0000 - 0x00007ffbe66dc000 	C:\windows\SYSTEM32\dbgcore.DLL
0x00007ffbfea60000 - 0x00007ffbfeae3000 	C:\windows\System32\bcryptPrimitives.dll
0x00007ffbe20a0000 - 0x00007ffbe20c5000 	C:\Program Files\Java\jdk-16.0.1\bin\java.dll

dbghelp: loaded successfully - version: 4.0.5 - missing functions: none
symbol engine: initialized successfully - sym options: 0x614 - pdb path: .;C:\Program Files\Java\jdk-16.0.1\bin;C:\windows\SYSTEM32;C:\windows\WinSxS\amd64_microsoft.windows.common-controls_6595b64144ccf1df_6.0.19041.1110_none_60b5254171f9507e;C:\Program Files\Java\jdk-16.0.1\bin\server

VM Arguments:
jvm_args: -Dfile.encoding=Cp1252 -XX:+ShowCodeDetailsInExceptionMessages 
java_command: JavaQuiz.Score
java_class_path (initial): C:\Users\Pratibha Vishwakarma\eclipse-workspace\JavaQuiz\bin
Launcher Type: SUN_STANDARD

[Global flags]
     intx CICompilerCount                          = 3                                         {product} {ergonomic}
     uint ConcGCThreads                            = 1                                         {product} {ergonomic}
     uint G1ConcRefinementThreads                  = 4                                         {product} {ergonomic}
   size_t G1HeapRegionSize                         = 1048576                                   {product} {ergonomic}
    uintx GCDrainStackTargetSize                   = 64                                        {product} {ergonomic}
   size_t InitialHeapSize                          = 100663296                                 {product} {ergonomic}
   size_t MarkStackSize                            = 4194304                                   {product} {ergonomic}
   size_t MaxHeapSize                              = 1595932672                                {product} {ergonomic}
   size_t MinHeapDeltaBytes                        = 1048576                                   {product} {ergonomic}
   size_t MinHeapSize                              = 8388608                                   {product} {ergonomic}
    uintx NonNMethodCodeHeapSize                   = 5832780                                {pd product} {ergonomic}
    uintx NonProfiledCodeHeapSize                  = 122912730                              {pd product} {ergonomic}
    uintx ProfiledCodeHeapSize                     = 122912730                              {pd product} {ergonomic}
    uintx ReservedCodeCacheSize                    = 251658240                              {pd product} {ergonomic}
     bool SegmentedCodeCache                       = true                                      {product} {ergonomic}
     bool ShowCodeDetailsInExceptionMessages       = true                                   {manageable} {command line}
   size_t SoftMaxHeapSize                          = 1595932672                             {manageable} {ergonomic}
     bool UseCompressedClassPointers               = true                           {product lp64_product} {ergonomic}
     bool UseCompressedOops                        = true                           {product lp64_product} {ergonomic}
     bool UseG1GC                                  = true                                      {product} {ergonomic}
     bool UseLargePagesIndividualAllocation        = false                                  {pd product} {ergonomic}

Logging:
Log output configuration:
 #0: stdout all=warning uptime,level,tags
 #1: stderr all=off uptime,level,tags

Environment Variables:
PATH=C:\Program Files\Common Files\Oracle\Java\javapath;C:\windows\system32;C:\windows;C:\windows\System32\Wbem;C:\windows\System32\WindowsPowerShell\v1.0\;C:\windows\System32\OpenSSH\;C:\Program Files\Java\jdk-16\bin;C:\Users\Pratibha Vishwakarma\Downloads;C:\Program Files\Java\jdk-16.0.1\bin;C:\Users\Pratibha Vishwakarma\AppData\Local\Microsoft\WindowsApps;C:\Program Files\CodeBlocks\MinGW\bin
USERNAME=Pratibha Vishwakarma
OS=Windows_NT
PROCESSOR_IDENTIFIER=AMD64 Family 23 Model 24 Stepping 1, AuthenticAMD



---------------  S Y S T E M  ---------------

OS:
 Windows 10 , 64 bit Build 19041 (10.0.19041.1023)
OS uptime: 9 days 18:22 hours

CPU: total 4 (initial active 4) (4 cores per cpu, 2 threads per core) family 23 model 24 stepping 1 microcode 0x0, cx8, cmov, fxsr, ht, mmx, 3dnowpref, sse, sse2, sse3, ssse3, sse4a, sse4.1, sse4.2, popcnt, lzcnt, tsc, tscinvbit, avx, avx2, aes, clmul, bmi1, bmi2, adx, sha, fma, vzeroupper, clflush, clflushopt

Memory: 4k page, system-wide physical 6086M (1426M free)
TotalPageFile size 24518M (AvailPageFile size 61M)
current process WorkingSet (physical memory assigned to process): 9M, peak: 9M
current process commit charge ("private bytes"): 51M, peak: 147M

vm_info: Java HotSpot(TM) 64-Bit Server VM (16.0.1+9-24) for windows-amd64 JRE (16.0.1+9-24), built on Mar 26 2021 19:31:42 by "mach5one" with MS VC++ 16.7 (VS2019)

END.
